<?xml version="1.0" encoding="UTF-8"?>
<testsuite name="com.phonebook.tests.AddContactTests" tests="8" skipped="0" failures="0" errors="0" timestamp="2025-04-30T09:52:34" hostname="LAPTOP-6EFDPQFV" time="99.971">
  <properties/>
  <testcase name="addContactPositiveFromDataProviderTest[0](Oliver, Twist, 01773459904, qa55m@gmail.com, Berlin, QA)" classname="com.phonebook.tests.AddContactTests" time="6.079"/>
  <testcase name="addContactPositiveFromDataProviderTest[1](Maxim, Twist, 01773411104, qaaitm@gmail.com, Berlin, QA)" classname="com.phonebook.tests.AddContactTests" time="2.322"/>
  <testcase name="addContactPositiveFromDataProviderTest[2](Oleg, Twist, 01774311104, qaaittr@gmail.com, Berlin, QA)" classname="com.phonebook.tests.AddContactTests" time="2.226"/>
  <testcase name="addContactPositiveFromDataProviderWithCsvFileTest[0](Contact{name='Oliver', phone='11223344556'})" classname="com.phonebook.tests.AddContactTests" time="2.242"/>
  <testcase name="addContactPositiveFromDataProviderWithCsvFileTest[1](Contact{name='Max', phone='998877665543'})" classname="com.phonebook.tests.AddContactTests" time="2.197"/>
  <testcase name="addContactPositiveFromDataProviderWithCsvFileTest[2](Contact{name='Oleg', phone='13579085312345'})" classname="com.phonebook.tests.AddContactTests" time="2.259"/>
  <testcase name="addContactPositiveFromDataProviderWithCsvFileTest[3](Contact{name='Paul', phone='15156767893556'})" classname="com.phonebook.tests.AddContactTests" time="2.432"/>
  <testcase name="addContactPositiveTest" classname="com.phonebook.tests.AddContactTests" time="2.238"/>
  <system-out><![CDATA[11:52:32.432 [Test worker] INFO  com.phonebook.tests.TestBase -- Start testaddContactPositiveFromDataProviderTest[Oliver, Twist, 01773459904, qa55m@gmail.com, Berlin, QA]
11:52:32.436 [Test worker] INFO  com.phonebook.utils.MyListener -- Before find elements -> Logger[com.phonebook.utils.MyListener]
11:52:32.438 [Test worker] INFO  com.phonebook.utils.MyListener -- =========================================================
11:52:32.568 [Test worker] INFO  com.phonebook.utils.MyListener -- List size -> 1
11:52:32.569 [Test worker] INFO  com.phonebook.utils.MyListener -- =========================================================
11:52:32.572 [Test worker] INFO  com.phonebook.utils.MyListener -- The locator will find -> By.cssSelector: [href='/login']
11:52:32.573 [Test worker] INFO  com.phonebook.utils.MyListener -- =========================================================
11:52:32.621 [Test worker] INFO  com.phonebook.utils.MyListener -- The locator is -> By.cssSelector: [href='/login']
11:52:32.622 [Test worker] INFO  com.phonebook.utils.MyListener -- =========================================================
11:52:33.152 [Test worker] INFO  com.phonebook.utils.MyListener -- The locator will find -> By.name: email
11:52:33.154 [Test worker] INFO  com.phonebook.utils.MyListener -- =========================================================
11:52:33.267 [Test worker] INFO  com.phonebook.utils.MyListener -- The locator is -> By.name: email
11:52:33.267 [Test worker] INFO  com.phonebook.utils.MyListener -- =========================================================
11:52:33.485 [Test worker] INFO  com.phonebook.utils.MyListener -- The locator will find -> By.name: email
11:52:33.486 [Test worker] INFO  com.phonebook.utils.MyListener -- =========================================================
11:52:33.531 [Test worker] INFO  com.phonebook.utils.MyListener -- The locator is -> By.name: email
11:52:33.532 [Test worker] INFO  com.phonebook.utils.MyListener -- =========================================================
11:52:33.626 [Test worker] INFO  com.phonebook.utils.MyListener -- The locator will find -> By.name: email
11:52:33.626 [Test worker] INFO  com.phonebook.utils.MyListener -- =========================================================
11:52:33.667 [Test worker] INFO  com.phonebook.utils.MyListener -- The locator is -> By.name: email
11:52:33.674 [Test worker] INFO  com.phonebook.utils.MyListener -- =========================================================
11:52:33.867 [Test worker] INFO  com.phonebook.utils.MyListener -- The locator will find -> By.name: password
11:52:33.867 [Test worker] INFO  com.phonebook.utils.MyListener -- =========================================================
11:52:33.916 [Test worker] INFO  com.phonebook.utils.MyListener -- The locator is -> By.name: password
11:52:33.916 [Test worker] INFO  com.phonebook.utils.MyListener -- =========================================================
11:52:34.063 [Test worker] INFO  com.phonebook.utils.MyListener -- The locator will find -> By.name: password
11:52:34.064 [Test worker] INFO  com.phonebook.utils.MyListener -- =========================================================
11:52:34.090 [Test worker] INFO  com.phonebook.utils.MyListener -- The locator is -> By.name: password
11:52:34.090 [Test worker] INFO  com.phonebook.utils.MyListener -- =========================================================
11:52:34.160 [Test worker] INFO  com.phonebook.utils.MyListener -- The locator will find -> By.name: password
11:52:34.160 [Test worker] INFO  com.phonebook.utils.MyListener -- =========================================================
11:52:34.191 [Test worker] INFO  com.phonebook.utils.MyListener -- The locator is -> By.name: password
11:52:34.192 [Test worker] INFO  com.phonebook.utils.MyListener -- =========================================================
11:52:34.267 [Test worker] INFO  com.phonebook.utils.MyListener -- The locator will find -> By.name: login
11:52:34.268 [Test worker] INFO  com.phonebook.utils.MyListener -- =========================================================
11:52:34.293 [Test worker] INFO  com.phonebook.utils.MyListener -- The locator is -> By.name: login
11:52:34.294 [Test worker] INFO  com.phonebook.utils.MyListener -- =========================================================
11:52:34.410 [Test worker] INFO  com.phonebook.utils.MyListener -- The locator will find -> By.cssSelector: [href='/add']
11:52:34.411 [Test worker] INFO  com.phonebook.utils.MyListener -- =========================================================
11:52:35.169 [Test worker] INFO  com.phonebook.utils.MyListener -- The locator is -> By.cssSelector: [href='/add']
11:52:35.172 [Test worker] INFO  com.phonebook.utils.MyListener -- =========================================================
11:52:35.294 [Test worker] INFO  com.phonebook.utils.MyListener -- The locator will find -> By.cssSelector: input[placeholder='Name']
11:52:35.298 [Test worker] INFO  com.phonebook.utils.MyListener -- =========================================================
11:52:35.329 [Test worker] INFO  com.phonebook.utils.MyListener -- The locator is -> By.cssSelector: input[placeholder='Name']
11:52:35.329 [Test worker] INFO  com.phonebook.utils.MyListener -- =========================================================
11:52:35.431 [Test worker] INFO  com.phonebook.utils.MyListener -- The locator will find -> By.cssSelector: input[placeholder='Name']
11:52:35.434 [Test worker] INFO  com.phonebook.utils.MyListener -- =========================================================
11:52:35.458 [Test worker] INFO  com.phonebook.utils.MyListener -- The locator is -> By.cssSelector: input[placeholder='Name']
11:52:35.459 [Test worker] INFO  com.phonebook.utils.MyListener -- =========================================================
11:52:35.512 [Test worker] INFO  com.phonebook.utils.MyListener -- The locator will find -> By.cssSelector: input[placeholder='Name']
11:52:35.514 [Test worker] INFO  com.phonebook.utils.MyListener -- =========================================================
11:52:35.540 [Test worker] INFO  com.phonebook.utils.MyListener -- The locator is -> By.cssSelector: input[placeholder='Name']
11:52:35.541 [Test worker] INFO  com.phonebook.utils.MyListener -- =========================================================
11:52:35.735 [Test worker] INFO  com.phonebook.utils.MyListener -- The locator will find -> By.cssSelector: input[placeholder='Last Name']
11:52:35.735 [Test worker] INFO  com.phonebook.utils.MyListener -- =========================================================
11:52:35.838 [Test worker] INFO  com.phonebook.utils.MyListener -- The locator is -> By.cssSelector: input[placeholder='Last Name']
11:52:35.839 [Test worker] INFO  com.phonebook.utils.MyListener -- =========================================================
11:52:38.198 [Test worker] INFO  com.phonebook.utils.MyListener -- The locator will find -> By.cssSelector: input[placeholder='Last Name']
11:52:38.198 [Test worker] INFO  com.phonebook.utils.MyListener -- =========================================================
11:52:38.341 [Test worker] INFO  com.phonebook.utils.MyListener -- The locator is -> By.cssSelector: input[placeholder='Last Name']
11:52:38.342 [Test worker] INFO  com.phonebook.utils.MyListener -- =========================================================
11:52:38.558 [Test worker] INFO  com.phonebook.utils.MyListener -- The locator will find -> By.cssSelector: input[placeholder='Last Name']
11:52:38.558 [Test worker] INFO  com.phonebook.utils.MyListener -- =========================================================
11:52:38.584 [Test worker] INFO  com.phonebook.utils.MyListener -- The locator is -> By.cssSelector: input[placeholder='Last Name']
11:52:38.585 [Test worker] INFO  com.phonebook.utils.MyListener -- =========================================================
11:52:38.664 [Test worker] INFO  com.phonebook.utils.MyListener -- The locator will find -> By.cssSelector: input[placeholder='Phone']
11:52:38.665 [Test worker] INFO  com.phonebook.utils.MyListener -- =========================================================
11:52:38.696 [Test worker] INFO  com.phonebook.utils.MyListener -- The locator is -> By.cssSelector: input[placeholder='Phone']
11:52:38.697 [Test worker] INFO  com.phonebook.utils.MyListener -- =========================================================
11:52:38.815 [Test worker] INFO  com.phonebook.utils.MyListener -- The locator will find -> By.cssSelector: input[placeholder='Phone']
11:52:38.816 [Test worker] INFO  com.phonebook.utils.MyListener -- =========================================================
11:52:38.834 [Test worker] INFO  com.phonebook.utils.MyListener -- The locator is -> By.cssSelector: input[placeholder='Phone']
11:52:38.834 [Test worker] INFO  com.phonebook.utils.MyListener -- =========================================================
11:52:38.888 [Test worker] INFO  com.phonebook.utils.MyListener -- The locator will find -> By.cssSelector: input[placeholder='Phone']
11:52:38.889 [Test worker] INFO  com.phonebook.utils.MyListener -- =========================================================
11:52:38.909 [Test worker] INFO  com.phonebook.utils.MyListener -- The locator is -> By.cssSelector: input[placeholder='Phone']
11:52:38.909 [Test worker] INFO  com.phonebook.utils.MyListener -- =========================================================
11:52:38.984 [Test worker] INFO  com.phonebook.utils.MyListener -- The locator will find -> By.cssSelector: input[placeholder='email']
11:52:38.984 [Test worker] INFO  com.phonebook.utils.MyListener -- =========================================================
11:52:39.005 [Test worker] INFO  com.phonebook.utils.MyListener -- The locator is -> By.cssSelector: input[placeholder='email']
11:52:39.007 [Test worker] INFO  com.phonebook.utils.MyListener -- =========================================================
11:52:39.088 [Test worker] INFO  com.phonebook.utils.MyListener -- The locator will find -> By.cssSelector: input[placeholder='email']
11:52:39.088 [Test worker] INFO  com.phonebook.utils.MyListener -- =========================================================
11:52:39.099 [Test worker] INFO  com.phonebook.utils.MyListener -- The locator is -> By.cssSelector: input[placeholder='email']
11:52:39.099 [Test worker] INFO  com.phonebook.utils.MyListener -- =========================================================
11:52:39.143 [Test worker] INFO  com.phonebook.utils.MyListener -- The locator will find -> By.cssSelector: input[placeholder='email']
11:52:39.144 [Test worker] INFO  com.phonebook.utils.MyListener -- =========================================================
11:52:39.155 [Test worker] INFO  com.phonebook.utils.MyListener -- The locator is -> By.cssSelector: input[placeholder='email']
11:52:39.155 [Test worker] INFO  com.phonebook.utils.MyListener -- =========================================================
11:52:39.242 [Test worker] INFO  com.phonebook.utils.MyListener -- The locator will find -> By.cssSelector: input[placeholder='Address']
11:52:39.243 [Test worker] INFO  com.phonebook.utils.MyListener -- =========================================================
11:52:39.262 [Test worker] INFO  com.phonebook.utils.MyListener -- The locator is -> By.cssSelector: input[placeholder='Address']
11:52:39.262 [Test worker] INFO  com.phonebook.utils.MyListener -- =========================================================
11:52:39.362 [Test worker] INFO  com.phonebook.utils.MyListener -- The locator will find -> By.cssSelector: input[placeholder='Address']
11:52:39.364 [Test worker] INFO  com.phonebook.utils.MyListener -- =========================================================
11:52:39.378 [Test worker] INFO  com.phonebook.utils.MyListener -- The locator is -> By.cssSelector: input[placeholder='Address']
11:52:39.378 [Test worker] INFO  com.phonebook.utils.MyListener -- =========================================================
11:52:39.430 [Test worker] INFO  com.phonebook.utils.MyListener -- The locator will find -> By.cssSelector: input[placeholder='Address']
11:52:39.431 [Test worker] INFO  com.phonebook.utils.MyListener -- =========================================================
11:52:39.448 [Test worker] INFO  com.phonebook.utils.MyListener -- The locator is -> By.cssSelector: input[placeholder='Address']
11:52:39.449 [Test worker] INFO  com.phonebook.utils.MyListener -- =========================================================
11:52:39.530 [Test worker] INFO  com.phonebook.utils.MyListener -- The locator will find -> By.cssSelector: input[placeholder='description']
11:52:39.530 [Test worker] INFO  com.phonebook.utils.MyListener -- =========================================================
11:52:39.570 [Test worker] INFO  com.phonebook.utils.MyListener -- The locator is -> By.cssSelector: input[placeholder='description']
11:52:39.570 [Test worker] INFO  com.phonebook.utils.MyListener -- =========================================================
11:52:39.657 [Test worker] INFO  com.phonebook.utils.MyListener -- The locator will find -> By.cssSelector: input[placeholder='description']
11:52:39.657 [Test worker] INFO  com.phonebook.utils.MyListener -- =========================================================
11:52:39.674 [Test worker] INFO  com.phonebook.utils.MyListener -- The locator is -> By.cssSelector: input[placeholder='description']
11:52:39.674 [Test worker] INFO  com.phonebook.utils.MyListener -- =========================================================
11:52:39.724 [Test worker] INFO  com.phonebook.utils.MyListener -- The locator will find -> By.cssSelector: input[placeholder='description']
11:52:39.725 [Test worker] INFO  com.phonebook.utils.MyListener -- =========================================================
11:52:39.739 [Test worker] INFO  com.phonebook.utils.MyListener -- The locator is -> By.cssSelector: input[placeholder='description']
11:52:39.739 [Test worker] INFO  com.phonebook.utils.MyListener -- =========================================================
11:52:39.795 [Test worker] INFO  com.phonebook.utils.MyListener -- The locator will find -> By.cssSelector: .add_form__2rsm2 button
11:52:39.796 [Test worker] INFO  com.phonebook.utils.MyListener -- =========================================================
11:52:39.815 [Test worker] INFO  com.phonebook.utils.MyListener -- The locator is -> By.cssSelector: .add_form__2rsm2 button
11:52:39.815 [Test worker] INFO  com.phonebook.utils.MyListener -- =========================================================
11:52:39.915 [Test worker] INFO  com.phonebook.utils.MyListener -- Before find elements -> Logger[com.phonebook.utils.MyListener]
11:52:39.915 [Test worker] INFO  com.phonebook.utils.MyListener -- =========================================================
11:52:40.382 [Test worker] INFO  com.phonebook.utils.MyListener -- List size -> 7
11:52:40.382 [Test worker] INFO  com.phonebook.utils.MyListener -- =========================================================
11:52:40.489 [Test worker] INFO  com.phonebook.utils.MyListener -- The locator will find -> By.cssSelector: .contact-item_card__2SOIM
11:52:40.491 [Test worker] INFO  com.phonebook.utils.MyListener -- =========================================================
11:52:40.508 [Test worker] INFO  com.phonebook.utils.MyListener -- The locator is -> By.cssSelector: .contact-item_card__2SOIM
11:52:40.508 [Test worker] INFO  com.phonebook.utils.MyListener -- =========================================================
11:52:40.591 [Test worker] INFO  com.phonebook.utils.MyListener -- The locator will find -> By.xpath: //button[.='Remove']
11:52:40.591 [Test worker] INFO  com.phonebook.utils.MyListener -- =========================================================
11:52:40.612 [Test worker] INFO  com.phonebook.utils.MyListener -- The locator is -> By.xpath: //button[.='Remove']
11:52:40.612 [Test worker] INFO  com.phonebook.utils.MyListener -- =========================================================
11:52:40.681 [Test worker] INFO  com.phonebook.tests.TestBase -- PASSED: addContactPositiveFromDataProviderTest
11:52:40.681 [Test worker] INFO  com.phonebook.tests.TestBase -- Stop test
11:52:40.681 [Test worker] INFO  com.phonebook.tests.TestBase -- ==========================================================
11:52:40.683 [Test worker] INFO  com.phonebook.tests.TestBase -- Start testaddContactPositiveFromDataProviderTest[Maxim, Twist, 01773411104, qaaitm@gmail.com, Berlin, QA]
11:52:40.685 [Test worker] INFO  com.phonebook.utils.MyListener -- Before find elements -> Logger[com.phonebook.utils.MyListener]
11:52:40.688 [Test worker] INFO  com.phonebook.utils.MyListener -- =========================================================
11:52:50.731 [Test worker] INFO  com.phonebook.utils.MyListener -- List size -> 0
11:52:50.732 [Test worker] INFO  com.phonebook.utils.MyListener -- =========================================================
11:52:50.732 [Test worker] INFO  com.phonebook.utils.MyListener -- The locator will find -> By.xpath: //button[.='Sign Out']
11:52:50.732 [Test worker] INFO  com.phonebook.utils.MyListener -- =========================================================
11:52:50.748 [Test worker] INFO  com.phonebook.utils.MyListener -- The locator is -> By.xpath: //button[.='Sign Out']
11:52:50.748 [Test worker] INFO  com.phonebook.utils.MyListener -- =========================================================
11:52:50.871 [Test worker] INFO  com.phonebook.utils.MyListener -- The locator will find -> By.cssSelector: [href='/login']
11:52:50.872 [Test worker] INFO  com.phonebook.utils.MyListener -- =========================================================
11:52:50.882 [Test worker] INFO  com.phonebook.utils.MyListener -- The locator is -> By.cssSelector: [href='/login']
11:52:50.884 [Test worker] INFO  com.phonebook.utils.MyListener -- =========================================================
11:52:50.954 [Test worker] INFO  com.phonebook.utils.MyListener -- The locator will find -> By.name: email
11:52:50.954 [Test worker] INFO  com.phonebook.utils.MyListener -- =========================================================
11:52:50.964 [Test worker] INFO  com.phonebook.utils.MyListener -- The locator is -> By.name: email
11:52:50.965 [Test worker] INFO  com.phonebook.utils.MyListener -- =========================================================
11:52:51.027 [Test worker] INFO  com.phonebook.utils.MyListener -- The locator will find -> By.name: email
11:52:51.027 [Test worker] INFO  com.phonebook.utils.MyListener -- =========================================================
11:52:51.041 [Test worker] INFO  com.phonebook.utils.MyListener -- The locator is -> By.name: email
11:52:51.041 [Test worker] INFO  com.phonebook.utils.MyListener -- =========================================================
11:52:51.081 [Test worker] INFO  com.phonebook.utils.MyListener -- The locator will find -> By.name: email
11:52:51.081 [Test worker] INFO  com.phonebook.utils.MyListener -- =========================================================
11:52:51.094 [Test worker] INFO  com.phonebook.utils.MyListener -- The locator is -> By.name: email
11:52:51.094 [Test worker] INFO  com.phonebook.utils.MyListener -- =========================================================
11:52:51.248 [Test worker] INFO  com.phonebook.utils.MyListener -- The locator will find -> By.name: password
11:52:51.248 [Test worker] INFO  com.phonebook.utils.MyListener -- =========================================================
11:52:51.266 [Test worker] INFO  com.phonebook.utils.MyListener -- The locator is -> By.name: password
11:52:51.266 [Test worker] INFO  com.phonebook.utils.MyListener -- =========================================================
11:52:51.409 [Test worker] INFO  com.phonebook.utils.MyListener -- The locator will find -> By.name: password
11:52:51.409 [Test worker] INFO  com.phonebook.utils.MyListener -- =========================================================
11:52:51.425 [Test worker] INFO  com.phonebook.utils.MyListener -- The locator is -> By.name: password
11:52:51.425 [Test worker] INFO  com.phonebook.utils.MyListener -- =========================================================
11:52:51.470 [Test worker] INFO  com.phonebook.utils.MyListener -- The locator will find -> By.name: password
11:52:51.470 [Test worker] INFO  com.phonebook.utils.MyListener -- =========================================================
11:52:51.486 [Test worker] INFO  com.phonebook.utils.MyListener -- The locator is -> By.name: password
11:52:51.486 [Test worker] INFO  com.phonebook.utils.MyListener -- =========================================================
11:52:51.605 [Test worker] INFO  com.phonebook.utils.MyListener -- The locator will find -> By.name: login
11:52:51.607 [Test worker] INFO  com.phonebook.utils.MyListener -- =========================================================
11:52:51.637 [Test worker] INFO  com.phonebook.utils.MyListener -- The locator is -> By.name: login
11:52:51.638 [Test worker] INFO  com.phonebook.utils.MyListener -- =========================================================
11:52:51.841 [Test worker] INFO  com.phonebook.utils.MyListener -- The locator will find -> By.cssSelector: [href='/add']
11:52:51.842 [Test worker] INFO  com.phonebook.utils.MyListener -- =========================================================
11:52:52.416 [Test worker] INFO  com.phonebook.utils.MyListener -- The locator is -> By.cssSelector: [href='/add']
11:52:52.416 [Test worker] INFO  com.phonebook.utils.MyListener -- =========================================================
11:52:52.501 [Test worker] INFO  com.phonebook.utils.MyListener -- The locator will find -> By.cssSelector: input[placeholder='Name']
11:52:52.502 [Test worker] INFO  com.phonebook.utils.MyListener -- =========================================================
11:52:52.518 [Test worker] INFO  com.phonebook.utils.MyListener -- The locator is -> By.cssSelector: input[placeholder='Name']
11:52:52.520 [Test worker] INFO  com.phonebook.utils.MyListener -- =========================================================
11:52:52.591 [Test worker] INFO  com.phonebook.utils.MyListener -- The locator will find -> By.cssSelector: input[placeholder='Name']
11:52:52.591 [Test worker] INFO  com.phonebook.utils.MyListener -- =========================================================
11:52:52.604 [Test worker] INFO  com.phonebook.utils.MyListener -- The locator is -> By.cssSelector: input[placeholder='Name']
11:52:52.604 [Test worker] INFO  com.phonebook.utils.MyListener -- =========================================================
11:52:52.635 [Test worker] INFO  com.phonebook.utils.MyListener -- The locator will find -> By.cssSelector: input[placeholder='Name']
11:52:52.635 [Test worker] INFO  com.phonebook.utils.MyListener -- =========================================================
11:52:52.644 [Test worker] INFO  com.phonebook.utils.MyListener -- The locator is -> By.cssSelector: input[placeholder='Name']
11:52:52.644 [Test worker] INFO  com.phonebook.utils.MyListener -- =========================================================
11:52:52.689 [Test worker] INFO  com.phonebook.utils.MyListener -- The locator will find -> By.cssSelector: input[placeholder='Last Name']
11:52:52.690 [Test worker] INFO  com.phonebook.utils.MyListener -- =========================================================
11:52:52.700 [Test worker] INFO  com.phonebook.utils.MyListener -- The locator is -> By.cssSelector: input[placeholder='Last Name']
11:52:52.701 [Test worker] INFO  com.phonebook.utils.MyListener -- =========================================================
11:52:52.772 [Test worker] INFO  com.phonebook.utils.MyListener -- The locator will find -> By.cssSelector: input[placeholder='Last Name']
11:52:52.772 [Test worker] INFO  com.phonebook.utils.MyListener -- =========================================================
11:52:52.784 [Test worker] INFO  com.phonebook.utils.MyListener -- The locator is -> By.cssSelector: input[placeholder='Last Name']
11:52:52.784 [Test worker] INFO  com.phonebook.utils.MyListener -- =========================================================
11:52:52.811 [Test worker] INFO  com.phonebook.utils.MyListener -- The locator will find -> By.cssSelector: input[placeholder='Last Name']
11:52:52.811 [Test worker] INFO  com.phonebook.utils.MyListener -- =========================================================
11:52:52.821 [Test worker] INFO  com.phonebook.utils.MyListener -- The locator is -> By.cssSelector: input[placeholder='Last Name']
11:52:52.821 [Test worker] INFO  com.phonebook.utils.MyListener -- =========================================================
11:52:52.858 [Test worker] INFO  com.phonebook.utils.MyListener -- The locator will find -> By.cssSelector: input[placeholder='Phone']
11:52:52.858 [Test worker] INFO  com.phonebook.utils.MyListener -- =========================================================
11:52:52.870 [Test worker] INFO  com.phonebook.utils.MyListener -- The locator is -> By.cssSelector: input[placeholder='Phone']
11:52:52.870 [Test worker] INFO  com.phonebook.utils.MyListener -- =========================================================
11:52:52.931 [Test worker] INFO  com.phonebook.utils.MyListener -- The locator will find -> By.cssSelector: input[placeholder='Phone']
11:52:52.931 [Test worker] INFO  com.phonebook.utils.MyListener -- =========================================================
11:52:52.940 [Test worker] INFO  com.phonebook.utils.MyListener -- The locator is -> By.cssSelector: input[placeholder='Phone']
11:52:52.940 [Test worker] INFO  com.phonebook.utils.MyListener -- =========================================================
11:52:52.973 [Test worker] INFO  com.phonebook.utils.MyListener -- The locator will find -> By.cssSelector: input[placeholder='Phone']
11:52:52.974 [Test worker] INFO  com.phonebook.utils.MyListener -- =========================================================
11:52:52.984 [Test worker] INFO  com.phonebook.utils.MyListener -- The locator is -> By.cssSelector: input[placeholder='Phone']
11:52:52.985 [Test worker] INFO  com.phonebook.utils.MyListener -- =========================================================
11:52:53.035 [Test worker] INFO  com.phonebook.utils.MyListener -- The locator will find -> By.cssSelector: input[placeholder='email']
11:52:53.036 [Test worker] INFO  com.phonebook.utils.MyListener -- =========================================================
11:52:53.047 [Test worker] INFO  com.phonebook.utils.MyListener -- The locator is -> By.cssSelector: input[placeholder='email']
11:52:53.047 [Test worker] INFO  com.phonebook.utils.MyListener -- =========================================================
11:52:53.110 [Test worker] INFO  com.phonebook.utils.MyListener -- The locator will find -> By.cssSelector: input[placeholder='email']
11:52:53.111 [Test worker] INFO  com.phonebook.utils.MyListener -- =========================================================
11:52:53.120 [Test worker] INFO  com.phonebook.utils.MyListener -- The locator is -> By.cssSelector: input[placeholder='email']
11:52:53.120 [Test worker] INFO  com.phonebook.utils.MyListener -- =========================================================
11:52:53.173 [Test worker] INFO  com.phonebook.utils.MyListener -- The locator will find -> By.cssSelector: input[placeholder='email']
11:52:53.173 [Test worker] INFO  com.phonebook.utils.MyListener -- =========================================================
11:52:53.187 [Test worker] INFO  com.phonebook.utils.MyListener -- The locator is -> By.cssSelector: input[placeholder='email']
11:52:53.187 [Test worker] INFO  com.phonebook.utils.MyListener -- =========================================================
11:52:53.247 [Test worker] INFO  com.phonebook.utils.MyListener -- The locator will find -> By.cssSelector: input[placeholder='Address']
11:52:53.247 [Test worker] INFO  com.phonebook.utils.MyListener -- =========================================================
11:52:53.261 [Test worker] INFO  com.phonebook.utils.MyListener -- The locator is -> By.cssSelector: input[placeholder='Address']
11:52:53.262 [Test worker] INFO  com.phonebook.utils.MyListener -- =========================================================
11:52:53.361 [Test worker] INFO  com.phonebook.utils.MyListener -- The locator will find -> By.cssSelector: input[placeholder='Address']
11:52:53.362 [Test worker] INFO  com.phonebook.utils.MyListener -- =========================================================
11:52:53.375 [Test worker] INFO  com.phonebook.utils.MyListener -- The locator is -> By.cssSelector: input[placeholder='Address']
11:52:53.375 [Test worker] INFO  com.phonebook.utils.MyListener -- =========================================================
11:52:53.406 [Test worker] INFO  com.phonebook.utils.MyListener -- The locator will find -> By.cssSelector: input[placeholder='Address']
11:52:53.406 [Test worker] INFO  com.phonebook.utils.MyListener -- =========================================================
11:52:53.424 [Test worker] INFO  com.phonebook.utils.MyListener -- The locator is -> By.cssSelector: input[placeholder='Address']
11:52:53.424 [Test worker] INFO  com.phonebook.utils.MyListener -- =========================================================
11:52:53.468 [Test worker] INFO  com.phonebook.utils.MyListener -- The locator will find -> By.cssSelector: input[placeholder='description']
11:52:53.468 [Test worker] INFO  com.phonebook.utils.MyListener -- =========================================================
11:52:53.480 [Test worker] INFO  com.phonebook.utils.MyListener -- The locator is -> By.cssSelector: input[placeholder='description']
11:52:53.480 [Test worker] INFO  com.phonebook.utils.MyListener -- =========================================================
11:52:53.542 [Test worker] INFO  com.phonebook.utils.MyListener -- The locator will find -> By.cssSelector: input[placeholder='description']
11:52:53.542 [Test worker] INFO  com.phonebook.utils.MyListener -- =========================================================
11:52:53.553 [Test worker] INFO  com.phonebook.utils.MyListener -- The locator is -> By.cssSelector: input[placeholder='description']
11:52:53.553 [Test worker] INFO  com.phonebook.utils.MyListener -- =========================================================
11:52:53.585 [Test worker] INFO  com.phonebook.utils.MyListener -- The locator will find -> By.cssSelector: input[placeholder='description']
11:52:53.586 [Test worker] INFO  com.phonebook.utils.MyListener -- =========================================================
11:52:53.595 [Test worker] INFO  com.phonebook.utils.MyListener -- The locator is -> By.cssSelector: input[placeholder='description']
11:52:53.595 [Test worker] INFO  com.phonebook.utils.MyListener -- =========================================================
11:52:53.637 [Test worker] INFO  com.phonebook.utils.MyListener -- The locator will find -> By.cssSelector: .add_form__2rsm2 button
11:52:53.637 [Test worker] INFO  com.phonebook.utils.MyListener -- =========================================================
11:52:53.645 [Test worker] INFO  com.phonebook.utils.MyListener -- The locator is -> By.cssSelector: .add_form__2rsm2 button
11:52:53.645 [Test worker] INFO  com.phonebook.utils.MyListener -- =========================================================
11:52:53.704 [Test worker] INFO  com.phonebook.utils.MyListener -- Before find elements -> Logger[com.phonebook.utils.MyListener]
11:52:53.705 [Test worker] INFO  com.phonebook.utils.MyListener -- =========================================================
11:52:54.070 [Test worker] INFO  com.phonebook.utils.MyListener -- List size -> 7
11:52:54.070 [Test worker] INFO  com.phonebook.utils.MyListener -- =========================================================
11:52:54.164 [Test worker] INFO  com.phonebook.utils.MyListener -- The locator will find -> By.cssSelector: .contact-item_card__2SOIM
11:52:54.164 [Test worker] INFO  com.phonebook.utils.MyListener -- =========================================================
11:52:54.176 [Test worker] INFO  com.phonebook.utils.MyListener -- The locator is -> By.cssSelector: .contact-item_card__2SOIM
11:52:54.176 [Test worker] INFO  com.phonebook.utils.MyListener -- =========================================================
11:52:54.254 [Test worker] INFO  com.phonebook.utils.MyListener -- The locator will find -> By.xpath: //button[.='Remove']
11:52:54.254 [Test worker] INFO  com.phonebook.utils.MyListener -- =========================================================
11:52:54.270 [Test worker] INFO  com.phonebook.utils.MyListener -- The locator is -> By.xpath: //button[.='Remove']
11:52:54.270 [Test worker] INFO  com.phonebook.utils.MyListener -- =========================================================
11:52:54.342 [Test worker] INFO  com.phonebook.tests.TestBase -- PASSED: addContactPositiveFromDataProviderTest
11:52:54.342 [Test worker] INFO  com.phonebook.tests.TestBase -- Stop test
11:52:54.342 [Test worker] INFO  com.phonebook.tests.TestBase -- ==========================================================
11:52:54.343 [Test worker] INFO  com.phonebook.tests.TestBase -- Start testaddContactPositiveFromDataProviderTest[Oleg, Twist, 01774311104, qaaittr@gmail.com, Berlin, QA]
11:52:54.344 [Test worker] INFO  com.phonebook.utils.MyListener -- Before find elements -> Logger[com.phonebook.utils.MyListener]
11:52:54.344 [Test worker] INFO  com.phonebook.utils.MyListener -- =========================================================
11:53:04.356 [Test worker] INFO  com.phonebook.utils.MyListener -- List size -> 0
11:53:04.356 [Test worker] INFO  com.phonebook.utils.MyListener -- =========================================================
11:53:04.356 [Test worker] INFO  com.phonebook.utils.MyListener -- The locator will find -> By.xpath: //button[.='Sign Out']
11:53:04.356 [Test worker] INFO  com.phonebook.utils.MyListener -- =========================================================
11:53:04.369 [Test worker] INFO  com.phonebook.utils.MyListener -- The locator is -> By.xpath: //button[.='Sign Out']
11:53:04.370 [Test worker] INFO  com.phonebook.utils.MyListener -- =========================================================
11:53:04.444 [Test worker] INFO  com.phonebook.utils.MyListener -- The locator will find -> By.cssSelector: [href='/login']
11:53:04.445 [Test worker] INFO  com.phonebook.utils.MyListener -- =========================================================
11:53:04.457 [Test worker] INFO  com.phonebook.utils.MyListener -- The locator is -> By.cssSelector: [href='/login']
11:53:04.457 [Test worker] INFO  com.phonebook.utils.MyListener -- =========================================================
11:53:04.525 [Test worker] INFO  com.phonebook.utils.MyListener -- The locator will find -> By.name: email
11:53:04.525 [Test worker] INFO  com.phonebook.utils.MyListener -- =========================================================
11:53:04.536 [Test worker] INFO  com.phonebook.utils.MyListener -- The locator is -> By.name: email
11:53:04.536 [Test worker] INFO  com.phonebook.utils.MyListener -- =========================================================
11:53:04.601 [Test worker] INFO  com.phonebook.utils.MyListener -- The locator will find -> By.name: email
11:53:04.601 [Test worker] INFO  com.phonebook.utils.MyListener -- =========================================================
11:53:04.610 [Test worker] INFO  com.phonebook.utils.MyListener -- The locator is -> By.name: email
11:53:04.610 [Test worker] INFO  com.phonebook.utils.MyListener -- =========================================================
11:53:04.644 [Test worker] INFO  com.phonebook.utils.MyListener -- The locator will find -> By.name: email
11:53:04.644 [Test worker] INFO  com.phonebook.utils.MyListener -- =========================================================
11:53:04.656 [Test worker] INFO  com.phonebook.utils.MyListener -- The locator is -> By.name: email
11:53:04.656 [Test worker] INFO  com.phonebook.utils.MyListener -- =========================================================
11:53:04.721 [Test worker] INFO  com.phonebook.utils.MyListener -- The locator will find -> By.name: password
11:53:04.721 [Test worker] INFO  com.phonebook.utils.MyListener -- =========================================================
11:53:04.730 [Test worker] INFO  com.phonebook.utils.MyListener -- The locator is -> By.name: password
11:53:04.731 [Test worker] INFO  com.phonebook.utils.MyListener -- =========================================================
11:53:04.803 [Test worker] INFO  com.phonebook.utils.MyListener -- The locator will find -> By.name: password
11:53:04.803 [Test worker] INFO  com.phonebook.utils.MyListener -- =========================================================
11:53:04.814 [Test worker] INFO  com.phonebook.utils.MyListener -- The locator is -> By.name: password
11:53:04.815 [Test worker] INFO  com.phonebook.utils.MyListener -- =========================================================
11:53:04.887 [Test worker] INFO  com.phonebook.utils.MyListener -- The locator will find -> By.name: password
11:53:04.887 [Test worker] INFO  com.phonebook.utils.MyListener -- =========================================================
11:53:04.897 [Test worker] INFO  com.phonebook.utils.MyListener -- The locator is -> By.name: password
11:53:04.898 [Test worker] INFO  com.phonebook.utils.MyListener -- =========================================================
11:53:04.950 [Test worker] INFO  com.phonebook.utils.MyListener -- The locator will find -> By.name: login
11:53:04.951 [Test worker] INFO  com.phonebook.utils.MyListener -- =========================================================
11:53:04.961 [Test worker] INFO  com.phonebook.utils.MyListener -- The locator is -> By.name: login
11:53:04.961 [Test worker] INFO  com.phonebook.utils.MyListener -- =========================================================
11:53:05.028 [Test worker] INFO  com.phonebook.utils.MyListener -- The locator will find -> By.cssSelector: [href='/add']
11:53:05.028 [Test worker] INFO  com.phonebook.utils.MyListener -- =========================================================
11:53:05.619 [Test worker] INFO  com.phonebook.utils.MyListener -- The locator is -> By.cssSelector: [href='/add']
11:53:05.619 [Test worker] INFO  com.phonebook.utils.MyListener -- =========================================================
11:53:05.692 [Test worker] INFO  com.phonebook.utils.MyListener -- The locator will find -> By.cssSelector: input[placeholder='Name']
11:53:05.693 [Test worker] INFO  com.phonebook.utils.MyListener -- =========================================================
11:53:05.707 [Test worker] INFO  com.phonebook.utils.MyListener -- The locator is -> By.cssSelector: input[placeholder='Name']
11:53:05.707 [Test worker] INFO  com.phonebook.utils.MyListener -- =========================================================
11:53:05.779 [Test worker] INFO  com.phonebook.utils.MyListener -- The locator will find -> By.cssSelector: input[placeholder='Name']
11:53:05.779 [Test worker] INFO  com.phonebook.utils.MyListener -- =========================================================
11:53:05.790 [Test worker] INFO  com.phonebook.utils.MyListener -- The locator is -> By.cssSelector: input[placeholder='Name']
11:53:05.790 [Test worker] INFO  com.phonebook.utils.MyListener -- =========================================================
11:53:05.823 [Test worker] INFO  com.phonebook.utils.MyListener -- The locator will find -> By.cssSelector: input[placeholder='Name']
11:53:05.825 [Test worker] INFO  com.phonebook.utils.MyListener -- =========================================================
11:53:05.834 [Test worker] INFO  com.phonebook.utils.MyListener -- The locator is -> By.cssSelector: input[placeholder='Name']
11:53:05.834 [Test worker] INFO  com.phonebook.utils.MyListener -- =========================================================
11:53:05.870 [Test worker] INFO  com.phonebook.utils.MyListener -- The locator will find -> By.cssSelector: input[placeholder='Last Name']
11:53:05.870 [Test worker] INFO  com.phonebook.utils.MyListener -- =========================================================
11:53:05.880 [Test worker] INFO  com.phonebook.utils.MyListener -- The locator is -> By.cssSelector: input[placeholder='Last Name']
11:53:05.880 [Test worker] INFO  com.phonebook.utils.MyListener -- =========================================================
11:53:05.941 [Test worker] INFO  com.phonebook.utils.MyListener -- The locator will find -> By.cssSelector: input[placeholder='Last Name']
11:53:05.941 [Test worker] INFO  com.phonebook.utils.MyListener -- =========================================================
11:53:05.951 [Test worker] INFO  com.phonebook.utils.MyListener -- The locator is -> By.cssSelector: input[placeholder='Last Name']
11:53:05.951 [Test worker] INFO  com.phonebook.utils.MyListener -- =========================================================
11:53:05.979 [Test worker] INFO  com.phonebook.utils.MyListener -- The locator will find -> By.cssSelector: input[placeholder='Last Name']
11:53:05.979 [Test worker] INFO  com.phonebook.utils.MyListener -- =========================================================
11:53:05.989 [Test worker] INFO  com.phonebook.utils.MyListener -- The locator is -> By.cssSelector: input[placeholder='Last Name']
11:53:05.989 [Test worker] INFO  com.phonebook.utils.MyListener -- =========================================================
11:53:06.027 [Test worker] INFO  com.phonebook.utils.MyListener -- The locator will find -> By.cssSelector: input[placeholder='Phone']
11:53:06.027 [Test worker] INFO  com.phonebook.utils.MyListener -- =========================================================
11:53:06.039 [Test worker] INFO  com.phonebook.utils.MyListener -- The locator is -> By.cssSelector: input[placeholder='Phone']
11:53:06.039 [Test worker] INFO  com.phonebook.utils.MyListener -- =========================================================
11:53:06.107 [Test worker] INFO  com.phonebook.utils.MyListener -- The locator will find -> By.cssSelector: input[placeholder='Phone']
11:53:06.108 [Test worker] INFO  com.phonebook.utils.MyListener -- =========================================================
11:53:06.116 [Test worker] INFO  com.phonebook.utils.MyListener -- The locator is -> By.cssSelector: input[placeholder='Phone']
11:53:06.116 [Test worker] INFO  com.phonebook.utils.MyListener -- =========================================================
11:53:06.142 [Test worker] INFO  com.phonebook.utils.MyListener -- The locator will find -> By.cssSelector: input[placeholder='Phone']
11:53:06.143 [Test worker] INFO  com.phonebook.utils.MyListener -- =========================================================
11:53:06.152 [Test worker] INFO  com.phonebook.utils.MyListener -- The locator is -> By.cssSelector: input[placeholder='Phone']
11:53:06.152 [Test worker] INFO  com.phonebook.utils.MyListener -- =========================================================
11:53:06.199 [Test worker] INFO  com.phonebook.utils.MyListener -- The locator will find -> By.cssSelector: input[placeholder='email']
11:53:06.200 [Test worker] INFO  com.phonebook.utils.MyListener -- =========================================================
11:53:06.210 [Test worker] INFO  com.phonebook.utils.MyListener -- The locator is -> By.cssSelector: input[placeholder='email']
11:53:06.210 [Test worker] INFO  com.phonebook.utils.MyListener -- =========================================================
11:53:06.276 [Test worker] INFO  com.phonebook.utils.MyListener -- The locator will find -> By.cssSelector: input[placeholder='email']
11:53:06.276 [Test worker] INFO  com.phonebook.utils.MyListener -- =========================================================
11:53:06.286 [Test worker] INFO  com.phonebook.utils.MyListener -- The locator is -> By.cssSelector: input[placeholder='email']
11:53:06.286 [Test worker] INFO  com.phonebook.utils.MyListener -- =========================================================
11:53:06.321 [Test worker] INFO  com.phonebook.utils.MyListener -- The locator will find -> By.cssSelector: input[placeholder='email']
11:53:06.321 [Test worker] INFO  com.phonebook.utils.MyListener -- =========================================================
11:53:06.337 [Test worker] INFO  com.phonebook.utils.MyListener -- The locator is -> By.cssSelector: input[placeholder='email']
11:53:06.337 [Test worker] INFO  com.phonebook.utils.MyListener -- =========================================================
11:53:06.418 [Test worker] INFO  com.phonebook.utils.MyListener -- The locator will find -> By.cssSelector: input[placeholder='Address']
11:53:06.418 [Test worker] INFO  com.phonebook.utils.MyListener -- =========================================================
11:53:06.432 [Test worker] INFO  com.phonebook.utils.MyListener -- The locator is -> By.cssSelector: input[placeholder='Address']
11:53:06.432 [Test worker] INFO  com.phonebook.utils.MyListener -- =========================================================
11:53:06.492 [Test worker] INFO  com.phonebook.utils.MyListener -- The locator will find -> By.cssSelector: input[placeholder='Address']
11:53:06.492 [Test worker] INFO  com.phonebook.utils.MyListener -- =========================================================
11:53:06.502 [Test worker] INFO  com.phonebook.utils.MyListener -- The locator is -> By.cssSelector: input[placeholder='Address']
11:53:06.503 [Test worker] INFO  com.phonebook.utils.MyListener -- =========================================================
11:53:06.536 [Test worker] INFO  com.phonebook.utils.MyListener -- The locator will find -> By.cssSelector: input[placeholder='Address']
11:53:06.536 [Test worker] INFO  com.phonebook.utils.MyListener -- =========================================================
11:53:06.547 [Test worker] INFO  com.phonebook.utils.MyListener -- The locator is -> By.cssSelector: input[placeholder='Address']
11:53:06.547 [Test worker] INFO  com.phonebook.utils.MyListener -- =========================================================
11:53:06.589 [Test worker] INFO  com.phonebook.utils.MyListener -- The locator will find -> By.cssSelector: input[placeholder='description']
11:53:06.589 [Test worker] INFO  com.phonebook.utils.MyListener -- =========================================================
11:53:06.598 [Test worker] INFO  com.phonebook.utils.MyListener -- The locator is -> By.cssSelector: input[placeholder='description']
11:53:06.598 [Test worker] INFO  com.phonebook.utils.MyListener -- =========================================================
11:53:06.668 [Test worker] INFO  com.phonebook.utils.MyListener -- The locator will find -> By.cssSelector: input[placeholder='description']
11:53:06.668 [Test worker] INFO  com.phonebook.utils.MyListener -- =========================================================
11:53:06.681 [Test worker] INFO  com.phonebook.utils.MyListener -- The locator is -> By.cssSelector: input[placeholder='description']
11:53:06.681 [Test worker] INFO  com.phonebook.utils.MyListener -- =========================================================
11:53:06.715 [Test worker] INFO  com.phonebook.utils.MyListener -- The locator will find -> By.cssSelector: input[placeholder='description']
11:53:06.715 [Test worker] INFO  com.phonebook.utils.MyListener -- =========================================================
11:53:06.725 [Test worker] INFO  com.phonebook.utils.MyListener -- The locator is -> By.cssSelector: input[placeholder='description']
11:53:06.725 [Test worker] INFO  com.phonebook.utils.MyListener -- =========================================================
11:53:06.756 [Test worker] INFO  com.phonebook.utils.MyListener -- The locator will find -> By.cssSelector: .add_form__2rsm2 button
11:53:06.756 [Test worker] INFO  com.phonebook.utils.MyListener -- =========================================================
11:53:06.766 [Test worker] INFO  com.phonebook.utils.MyListener -- The locator is -> By.cssSelector: .add_form__2rsm2 button
11:53:06.766 [Test worker] INFO  com.phonebook.utils.MyListener -- =========================================================
11:53:06.822 [Test worker] INFO  com.phonebook.utils.MyListener -- Before find elements -> Logger[com.phonebook.utils.MyListener]
11:53:06.824 [Test worker] INFO  com.phonebook.utils.MyListener -- =========================================================
11:53:07.162 [Test worker] INFO  com.phonebook.utils.MyListener -- List size -> 7
11:53:07.162 [Test worker] INFO  com.phonebook.utils.MyListener -- =========================================================
11:53:07.255 [Test worker] INFO  com.phonebook.utils.MyListener -- The locator will find -> By.cssSelector: .contact-item_card__2SOIM
11:53:07.255 [Test worker] INFO  com.phonebook.utils.MyListener -- =========================================================
11:53:07.269 [Test worker] INFO  com.phonebook.utils.MyListener -- The locator is -> By.cssSelector: .contact-item_card__2SOIM
11:53:07.269 [Test worker] INFO  com.phonebook.utils.MyListener -- =========================================================
11:53:07.344 [Test worker] INFO  com.phonebook.utils.MyListener -- The locator will find -> By.xpath: //button[.='Remove']
11:53:07.344 [Test worker] INFO  com.phonebook.utils.MyListener -- =========================================================
11:53:07.357 [Test worker] INFO  com.phonebook.utils.MyListener -- The locator is -> By.xpath: //button[.='Remove']
11:53:07.357 [Test worker] INFO  com.phonebook.utils.MyListener -- =========================================================
11:53:07.418 [Test worker] INFO  com.phonebook.tests.TestBase -- PASSED: addContactPositiveFromDataProviderTest
11:53:07.419 [Test worker] INFO  com.phonebook.tests.TestBase -- Stop test
11:53:07.419 [Test worker] INFO  com.phonebook.tests.TestBase -- ==========================================================
11:53:07.424 [Test worker] INFO  com.phonebook.tests.TestBase -- Start testaddContactPositiveFromDataProviderWithCsvFileTest[Contact{name='Oliver', phone='11223344556'}]
11:53:07.425 [Test worker] INFO  com.phonebook.utils.MyListener -- Before find elements -> Logger[com.phonebook.utils.MyListener]
11:53:07.426 [Test worker] INFO  com.phonebook.utils.MyListener -- =========================================================
11:53:17.447 [Test worker] INFO  com.phonebook.utils.MyListener -- List size -> 0
11:53:17.447 [Test worker] INFO  com.phonebook.utils.MyListener -- =========================================================
11:53:17.447 [Test worker] INFO  com.phonebook.utils.MyListener -- The locator will find -> By.xpath: //button[.='Sign Out']
11:53:17.447 [Test worker] INFO  com.phonebook.utils.MyListener -- =========================================================
11:53:17.459 [Test worker] INFO  com.phonebook.utils.MyListener -- The locator is -> By.xpath: //button[.='Sign Out']
11:53:17.459 [Test worker] INFO  com.phonebook.utils.MyListener -- =========================================================
11:53:17.555 [Test worker] INFO  com.phonebook.utils.MyListener -- The locator will find -> By.cssSelector: [href='/login']
11:53:17.555 [Test worker] INFO  com.phonebook.utils.MyListener -- =========================================================
11:53:17.566 [Test worker] INFO  com.phonebook.utils.MyListener -- The locator is -> By.cssSelector: [href='/login']
11:53:17.566 [Test worker] INFO  com.phonebook.utils.MyListener -- =========================================================
11:53:17.659 [Test worker] INFO  com.phonebook.utils.MyListener -- The locator will find -> By.name: email
11:53:17.659 [Test worker] INFO  com.phonebook.utils.MyListener -- =========================================================
11:53:17.672 [Test worker] INFO  com.phonebook.utils.MyListener -- The locator is -> By.name: email
11:53:17.672 [Test worker] INFO  com.phonebook.utils.MyListener -- =========================================================
11:53:17.760 [Test worker] INFO  com.phonebook.utils.MyListener -- The locator will find -> By.name: email
11:53:17.760 [Test worker] INFO  com.phonebook.utils.MyListener -- =========================================================
11:53:17.772 [Test worker] INFO  com.phonebook.utils.MyListener -- The locator is -> By.name: email
11:53:17.772 [Test worker] INFO  com.phonebook.utils.MyListener -- =========================================================
11:53:17.810 [Test worker] INFO  com.phonebook.utils.MyListener -- The locator will find -> By.name: email
11:53:17.810 [Test worker] INFO  com.phonebook.utils.MyListener -- =========================================================
11:53:17.823 [Test worker] INFO  com.phonebook.utils.MyListener -- The locator is -> By.name: email
11:53:17.824 [Test worker] INFO  com.phonebook.utils.MyListener -- =========================================================
11:53:17.952 [Test worker] INFO  com.phonebook.utils.MyListener -- The locator will find -> By.name: password
11:53:17.953 [Test worker] INFO  com.phonebook.utils.MyListener -- =========================================================
11:53:17.970 [Test worker] INFO  com.phonebook.utils.MyListener -- The locator is -> By.name: password
11:53:17.970 [Test worker] INFO  com.phonebook.utils.MyListener -- =========================================================
11:53:18.074 [Test worker] INFO  com.phonebook.utils.MyListener -- The locator will find -> By.name: password
11:53:18.074 [Test worker] INFO  com.phonebook.utils.MyListener -- =========================================================
11:53:18.088 [Test worker] INFO  com.phonebook.utils.MyListener -- The locator is -> By.name: password
11:53:18.088 [Test worker] INFO  com.phonebook.utils.MyListener -- =========================================================
11:53:18.125 [Test worker] INFO  com.phonebook.utils.MyListener -- The locator will find -> By.name: password
11:53:18.125 [Test worker] INFO  com.phonebook.utils.MyListener -- =========================================================
11:53:18.138 [Test worker] INFO  com.phonebook.utils.MyListener -- The locator is -> By.name: password
11:53:18.138 [Test worker] INFO  com.phonebook.utils.MyListener -- =========================================================
11:53:18.207 [Test worker] INFO  com.phonebook.utils.MyListener -- The locator will find -> By.name: login
11:53:18.207 [Test worker] INFO  com.phonebook.utils.MyListener -- =========================================================
11:53:18.219 [Test worker] INFO  com.phonebook.utils.MyListener -- The locator is -> By.name: login
11:53:18.219 [Test worker] INFO  com.phonebook.utils.MyListener -- =========================================================
11:53:18.302 [Test worker] INFO  com.phonebook.utils.MyListener -- The locator will find -> By.cssSelector: [href='/add']
11:53:18.302 [Test worker] INFO  com.phonebook.utils.MyListener -- =========================================================
11:53:18.854 [Test worker] INFO  com.phonebook.utils.MyListener -- The locator is -> By.cssSelector: [href='/add']
11:53:18.854 [Test worker] INFO  com.phonebook.utils.MyListener -- =========================================================
11:53:18.919 [Test worker] INFO  com.phonebook.utils.MyListener -- The locator will find -> By.cssSelector: input[placeholder='Name']
11:53:18.919 [Test worker] INFO  com.phonebook.utils.MyListener -- =========================================================
11:53:18.932 [Test worker] INFO  com.phonebook.utils.MyListener -- The locator is -> By.cssSelector: input[placeholder='Name']
11:53:18.932 [Test worker] INFO  com.phonebook.utils.MyListener -- =========================================================
11:53:19.000 [Test worker] INFO  com.phonebook.utils.MyListener -- The locator will find -> By.cssSelector: input[placeholder='Name']
11:53:19.000 [Test worker] INFO  com.phonebook.utils.MyListener -- =========================================================
11:53:19.010 [Test worker] INFO  com.phonebook.utils.MyListener -- The locator is -> By.cssSelector: input[placeholder='Name']
11:53:19.010 [Test worker] INFO  com.phonebook.utils.MyListener -- =========================================================
11:53:19.039 [Test worker] INFO  com.phonebook.utils.MyListener -- The locator will find -> By.cssSelector: input[placeholder='Name']
11:53:19.039 [Test worker] INFO  com.phonebook.utils.MyListener -- =========================================================
11:53:19.053 [Test worker] INFO  com.phonebook.utils.MyListener -- The locator is -> By.cssSelector: input[placeholder='Name']
11:53:19.053 [Test worker] INFO  com.phonebook.utils.MyListener -- =========================================================
11:53:19.096 [Test worker] INFO  com.phonebook.utils.MyListener -- The locator will find -> By.cssSelector: input[placeholder='Last Name']
11:53:19.096 [Test worker] INFO  com.phonebook.utils.MyListener -- =========================================================
11:53:19.105 [Test worker] INFO  com.phonebook.utils.MyListener -- The locator is -> By.cssSelector: input[placeholder='Last Name']
11:53:19.105 [Test worker] INFO  com.phonebook.utils.MyListener -- =========================================================
11:53:19.168 [Test worker] INFO  com.phonebook.utils.MyListener -- The locator will find -> By.cssSelector: input[placeholder='Last Name']
11:53:19.168 [Test worker] INFO  com.phonebook.utils.MyListener -- =========================================================
11:53:19.181 [Test worker] INFO  com.phonebook.utils.MyListener -- The locator is -> By.cssSelector: input[placeholder='Last Name']
11:53:19.181 [Test worker] INFO  com.phonebook.utils.MyListener -- =========================================================
11:53:19.211 [Test worker] INFO  com.phonebook.utils.MyListener -- The locator will find -> By.cssSelector: input[placeholder='Last Name']
11:53:19.211 [Test worker] INFO  com.phonebook.utils.MyListener -- =========================================================
11:53:19.222 [Test worker] INFO  com.phonebook.utils.MyListener -- The locator is -> By.cssSelector: input[placeholder='Last Name']
11:53:19.222 [Test worker] INFO  com.phonebook.utils.MyListener -- =========================================================
11:53:19.259 [Test worker] INFO  com.phonebook.utils.MyListener -- The locator will find -> By.cssSelector: input[placeholder='Phone']
11:53:19.259 [Test worker] INFO  com.phonebook.utils.MyListener -- =========================================================
11:53:19.270 [Test worker] INFO  com.phonebook.utils.MyListener -- The locator is -> By.cssSelector: input[placeholder='Phone']
11:53:19.270 [Test worker] INFO  com.phonebook.utils.MyListener -- =========================================================
11:53:19.351 [Test worker] INFO  com.phonebook.utils.MyListener -- The locator will find -> By.cssSelector: input[placeholder='Phone']
11:53:19.354 [Test worker] INFO  com.phonebook.utils.MyListener -- =========================================================
11:53:19.374 [Test worker] INFO  com.phonebook.utils.MyListener -- The locator is -> By.cssSelector: input[placeholder='Phone']
11:53:19.374 [Test worker] INFO  com.phonebook.utils.MyListener -- =========================================================
11:53:19.405 [Test worker] INFO  com.phonebook.utils.MyListener -- The locator will find -> By.cssSelector: input[placeholder='Phone']
11:53:19.405 [Test worker] INFO  com.phonebook.utils.MyListener -- =========================================================
11:53:19.418 [Test worker] INFO  com.phonebook.utils.MyListener -- The locator is -> By.cssSelector: input[placeholder='Phone']
11:53:19.418 [Test worker] INFO  com.phonebook.utils.MyListener -- =========================================================
11:53:19.466 [Test worker] INFO  com.phonebook.utils.MyListener -- The locator will find -> By.cssSelector: input[placeholder='email']
11:53:19.467 [Test worker] INFO  com.phonebook.utils.MyListener -- =========================================================
11:53:19.478 [Test worker] INFO  com.phonebook.utils.MyListener -- The locator is -> By.cssSelector: input[placeholder='email']
11:53:19.479 [Test worker] INFO  com.phonebook.utils.MyListener -- =========================================================
11:53:19.539 [Test worker] INFO  com.phonebook.utils.MyListener -- The locator will find -> By.cssSelector: input[placeholder='email']
11:53:19.539 [Test worker] INFO  com.phonebook.utils.MyListener -- =========================================================
11:53:19.556 [Test worker] INFO  com.phonebook.utils.MyListener -- The locator is -> By.cssSelector: input[placeholder='email']
11:53:19.556 [Test worker] INFO  com.phonebook.utils.MyListener -- =========================================================
11:53:19.588 [Test worker] INFO  com.phonebook.utils.MyListener -- The locator will find -> By.cssSelector: input[placeholder='email']
11:53:19.588 [Test worker] INFO  com.phonebook.utils.MyListener -- =========================================================
11:53:19.598 [Test worker] INFO  com.phonebook.utils.MyListener -- The locator is -> By.cssSelector: input[placeholder='email']
11:53:19.598 [Test worker] INFO  com.phonebook.utils.MyListener -- =========================================================
11:53:19.672 [Test worker] INFO  com.phonebook.utils.MyListener -- The locator will find -> By.cssSelector: input[placeholder='Address']
11:53:19.672 [Test worker] INFO  com.phonebook.utils.MyListener -- =========================================================
11:53:19.684 [Test worker] INFO  com.phonebook.utils.MyListener -- The locator is -> By.cssSelector: input[placeholder='Address']
11:53:19.684 [Test worker] INFO  com.phonebook.utils.MyListener -- =========================================================
11:53:19.765 [Test worker] INFO  com.phonebook.utils.MyListener -- The locator will find -> By.cssSelector: input[placeholder='Address']
11:53:19.765 [Test worker] INFO  com.phonebook.utils.MyListener -- =========================================================
11:53:19.775 [Test worker] INFO  com.phonebook.utils.MyListener -- The locator is -> By.cssSelector: input[placeholder='Address']
11:53:19.775 [Test worker] INFO  com.phonebook.utils.MyListener -- =========================================================
11:53:19.816 [Test worker] INFO  com.phonebook.utils.MyListener -- The locator will find -> By.cssSelector: input[placeholder='Address']
11:53:19.817 [Test worker] INFO  com.phonebook.utils.MyListener -- =========================================================
11:53:19.827 [Test worker] INFO  com.phonebook.utils.MyListener -- The locator is -> By.cssSelector: input[placeholder='Address']
11:53:19.827 [Test worker] INFO  com.phonebook.utils.MyListener -- =========================================================
11:53:19.876 [Test worker] INFO  com.phonebook.utils.MyListener -- The locator will find -> By.cssSelector: input[placeholder='description']
11:53:19.878 [Test worker] INFO  com.phonebook.utils.MyListener -- =========================================================
11:53:19.893 [Test worker] INFO  com.phonebook.utils.MyListener -- The locator is -> By.cssSelector: input[placeholder='description']
11:53:19.894 [Test worker] INFO  com.phonebook.utils.MyListener -- =========================================================
11:53:19.965 [Test worker] INFO  com.phonebook.utils.MyListener -- The locator will find -> By.cssSelector: input[placeholder='description']
11:53:19.965 [Test worker] INFO  com.phonebook.utils.MyListener -- =========================================================
11:53:19.975 [Test worker] INFO  com.phonebook.utils.MyListener -- The locator is -> By.cssSelector: input[placeholder='description']
11:53:19.975 [Test worker] INFO  com.phonebook.utils.MyListener -- =========================================================
11:53:20.005 [Test worker] INFO  com.phonebook.utils.MyListener -- The locator will find -> By.cssSelector: input[placeholder='description']
11:53:20.005 [Test worker] INFO  com.phonebook.utils.MyListener -- =========================================================
11:53:20.017 [Test worker] INFO  com.phonebook.utils.MyListener -- The locator is -> By.cssSelector: input[placeholder='description']
11:53:20.017 [Test worker] INFO  com.phonebook.utils.MyListener -- =========================================================
11:53:20.056 [Test worker] INFO  com.phonebook.utils.MyListener -- The locator will find -> By.cssSelector: .add_form__2rsm2 button
11:53:20.056 [Test worker] INFO  com.phonebook.utils.MyListener -- =========================================================
11:53:20.068 [Test worker] INFO  com.phonebook.utils.MyListener -- The locator is -> By.cssSelector: .add_form__2rsm2 button
11:53:20.068 [Test worker] INFO  com.phonebook.utils.MyListener -- =========================================================
11:53:20.154 [Test worker] INFO  com.phonebook.utils.MyListener -- Before find elements -> Logger[com.phonebook.utils.MyListener]
11:53:20.154 [Test worker] INFO  com.phonebook.utils.MyListener -- =========================================================
11:53:20.496 [Test worker] INFO  com.phonebook.utils.MyListener -- List size -> 7
11:53:20.497 [Test worker] INFO  com.phonebook.utils.MyListener -- =========================================================
11:53:20.545 [Test worker] INFO  com.phonebook.utils.MyListener -- The locator will find -> By.cssSelector: .contact-item_card__2SOIM
11:53:20.545 [Test worker] INFO  com.phonebook.utils.MyListener -- =========================================================
11:53:20.555 [Test worker] INFO  com.phonebook.utils.MyListener -- The locator is -> By.cssSelector: .contact-item_card__2SOIM
11:53:20.555 [Test worker] INFO  com.phonebook.utils.MyListener -- =========================================================
11:53:20.626 [Test worker] INFO  com.phonebook.utils.MyListener -- The locator will find -> By.xpath: //button[.='Remove']
11:53:20.626 [Test worker] INFO  com.phonebook.utils.MyListener -- =========================================================
11:53:20.640 [Test worker] INFO  com.phonebook.utils.MyListener -- The locator is -> By.xpath: //button[.='Remove']
11:53:20.640 [Test worker] INFO  com.phonebook.utils.MyListener -- =========================================================
11:53:20.702 [Test worker] INFO  com.phonebook.tests.TestBase -- PASSED: addContactPositiveFromDataProviderWithCsvFileTest
11:53:20.703 [Test worker] INFO  com.phonebook.tests.TestBase -- Stop test
11:53:20.703 [Test worker] INFO  com.phonebook.tests.TestBase -- ==========================================================
11:53:20.703 [Test worker] INFO  com.phonebook.tests.TestBase -- Start testaddContactPositiveFromDataProviderWithCsvFileTest[Contact{name='Max', phone='998877665543'}]
11:53:20.704 [Test worker] INFO  com.phonebook.utils.MyListener -- Before find elements -> Logger[com.phonebook.utils.MyListener]
11:53:20.704 [Test worker] INFO  com.phonebook.utils.MyListener -- =========================================================
11:53:30.712 [Test worker] INFO  com.phonebook.utils.MyListener -- List size -> 0
11:53:30.712 [Test worker] INFO  com.phonebook.utils.MyListener -- =========================================================
11:53:30.712 [Test worker] INFO  com.phonebook.utils.MyListener -- The locator will find -> By.xpath: //button[.='Sign Out']
11:53:30.712 [Test worker] INFO  com.phonebook.utils.MyListener -- =========================================================
11:53:30.727 [Test worker] INFO  com.phonebook.utils.MyListener -- The locator is -> By.xpath: //button[.='Sign Out']
11:53:30.728 [Test worker] INFO  com.phonebook.utils.MyListener -- =========================================================
11:53:30.797 [Test worker] INFO  com.phonebook.utils.MyListener -- The locator will find -> By.cssSelector: [href='/login']
11:53:30.797 [Test worker] INFO  com.phonebook.utils.MyListener -- =========================================================
11:53:30.811 [Test worker] INFO  com.phonebook.utils.MyListener -- The locator is -> By.cssSelector: [href='/login']
11:53:30.811 [Test worker] INFO  com.phonebook.utils.MyListener -- =========================================================
11:53:30.871 [Test worker] INFO  com.phonebook.utils.MyListener -- The locator will find -> By.name: email
11:53:30.871 [Test worker] INFO  com.phonebook.utils.MyListener -- =========================================================
11:53:30.881 [Test worker] INFO  com.phonebook.utils.MyListener -- The locator is -> By.name: email
11:53:30.882 [Test worker] INFO  com.phonebook.utils.MyListener -- =========================================================
11:53:30.959 [Test worker] INFO  com.phonebook.utils.MyListener -- The locator will find -> By.name: email
11:53:30.959 [Test worker] INFO  com.phonebook.utils.MyListener -- =========================================================
11:53:30.971 [Test worker] INFO  com.phonebook.utils.MyListener -- The locator is -> By.name: email
11:53:30.971 [Test worker] INFO  com.phonebook.utils.MyListener -- =========================================================
11:53:31.015 [Test worker] INFO  com.phonebook.utils.MyListener -- The locator will find -> By.name: email
11:53:31.015 [Test worker] INFO  com.phonebook.utils.MyListener -- =========================================================
11:53:31.024 [Test worker] INFO  com.phonebook.utils.MyListener -- The locator is -> By.name: email
11:53:31.024 [Test worker] INFO  com.phonebook.utils.MyListener -- =========================================================
11:53:31.180 [Test worker] INFO  com.phonebook.utils.MyListener -- The locator will find -> By.name: password
11:53:31.180 [Test worker] INFO  com.phonebook.utils.MyListener -- =========================================================
11:53:31.189 [Test worker] INFO  com.phonebook.utils.MyListener -- The locator is -> By.name: password
11:53:31.189 [Test worker] INFO  com.phonebook.utils.MyListener -- =========================================================
11:53:31.258 [Test worker] INFO  com.phonebook.utils.MyListener -- The locator will find -> By.name: password
11:53:31.258 [Test worker] INFO  com.phonebook.utils.MyListener -- =========================================================
11:53:31.268 [Test worker] INFO  com.phonebook.utils.MyListener -- The locator is -> By.name: password
11:53:31.268 [Test worker] INFO  com.phonebook.utils.MyListener -- =========================================================
11:53:31.318 [Test worker] INFO  com.phonebook.utils.MyListener -- The locator will find -> By.name: password
11:53:31.319 [Test worker] INFO  com.phonebook.utils.MyListener -- =========================================================
11:53:31.331 [Test worker] INFO  com.phonebook.utils.MyListener -- The locator is -> By.name: password
11:53:31.332 [Test worker] INFO  com.phonebook.utils.MyListener -- =========================================================
11:53:31.421 [Test worker] INFO  com.phonebook.utils.MyListener -- The locator will find -> By.name: login
11:53:31.422 [Test worker] INFO  com.phonebook.utils.MyListener -- =========================================================
11:53:31.431 [Test worker] INFO  com.phonebook.utils.MyListener -- The locator is -> By.name: login
11:53:31.431 [Test worker] INFO  com.phonebook.utils.MyListener -- =========================================================
11:53:31.499 [Test worker] INFO  com.phonebook.utils.MyListener -- The locator will find -> By.cssSelector: [href='/add']
11:53:31.499 [Test worker] INFO  com.phonebook.utils.MyListener -- =========================================================
11:53:32.097 [Test worker] INFO  com.phonebook.utils.MyListener -- The locator is -> By.cssSelector: [href='/add']
11:53:32.097 [Test worker] INFO  com.phonebook.utils.MyListener -- =========================================================
11:53:32.190 [Test worker] INFO  com.phonebook.utils.MyListener -- The locator will find -> By.cssSelector: input[placeholder='Name']
11:53:32.190 [Test worker] INFO  com.phonebook.utils.MyListener -- =========================================================
11:53:32.202 [Test worker] INFO  com.phonebook.utils.MyListener -- The locator is -> By.cssSelector: input[placeholder='Name']
11:53:32.202 [Test worker] INFO  com.phonebook.utils.MyListener -- =========================================================
11:53:32.269 [Test worker] INFO  com.phonebook.utils.MyListener -- The locator will find -> By.cssSelector: input[placeholder='Name']
11:53:32.269 [Test worker] INFO  com.phonebook.utils.MyListener -- =========================================================
11:53:32.280 [Test worker] INFO  com.phonebook.utils.MyListener -- The locator is -> By.cssSelector: input[placeholder='Name']
11:53:32.281 [Test worker] INFO  com.phonebook.utils.MyListener -- =========================================================
11:53:32.312 [Test worker] INFO  com.phonebook.utils.MyListener -- The locator will find -> By.cssSelector: input[placeholder='Name']
11:53:32.312 [Test worker] INFO  com.phonebook.utils.MyListener -- =========================================================
11:53:32.322 [Test worker] INFO  com.phonebook.utils.MyListener -- The locator is -> By.cssSelector: input[placeholder='Name']
11:53:32.322 [Test worker] INFO  com.phonebook.utils.MyListener -- =========================================================
11:53:32.362 [Test worker] INFO  com.phonebook.utils.MyListener -- The locator will find -> By.cssSelector: input[placeholder='Last Name']
11:53:32.362 [Test worker] INFO  com.phonebook.utils.MyListener -- =========================================================
11:53:32.371 [Test worker] INFO  com.phonebook.utils.MyListener -- The locator is -> By.cssSelector: input[placeholder='Last Name']
11:53:32.371 [Test worker] INFO  com.phonebook.utils.MyListener -- =========================================================
11:53:32.446 [Test worker] INFO  com.phonebook.utils.MyListener -- The locator will find -> By.cssSelector: input[placeholder='Last Name']
11:53:32.446 [Test worker] INFO  com.phonebook.utils.MyListener -- =========================================================
11:53:32.455 [Test worker] INFO  com.phonebook.utils.MyListener -- The locator is -> By.cssSelector: input[placeholder='Last Name']
11:53:32.455 [Test worker] INFO  com.phonebook.utils.MyListener -- =========================================================
11:53:32.485 [Test worker] INFO  com.phonebook.utils.MyListener -- The locator will find -> By.cssSelector: input[placeholder='Last Name']
11:53:32.485 [Test worker] INFO  com.phonebook.utils.MyListener -- =========================================================
11:53:32.497 [Test worker] INFO  com.phonebook.utils.MyListener -- The locator is -> By.cssSelector: input[placeholder='Last Name']
11:53:32.497 [Test worker] INFO  com.phonebook.utils.MyListener -- =========================================================
11:53:32.534 [Test worker] INFO  com.phonebook.utils.MyListener -- The locator will find -> By.cssSelector: input[placeholder='Phone']
11:53:32.534 [Test worker] INFO  com.phonebook.utils.MyListener -- =========================================================
11:53:32.542 [Test worker] INFO  com.phonebook.utils.MyListener -- The locator is -> By.cssSelector: input[placeholder='Phone']
11:53:32.543 [Test worker] INFO  com.phonebook.utils.MyListener -- =========================================================
11:53:32.609 [Test worker] INFO  com.phonebook.utils.MyListener -- The locator will find -> By.cssSelector: input[placeholder='Phone']
11:53:32.610 [Test worker] INFO  com.phonebook.utils.MyListener -- =========================================================
11:53:32.619 [Test worker] INFO  com.phonebook.utils.MyListener -- The locator is -> By.cssSelector: input[placeholder='Phone']
11:53:32.619 [Test worker] INFO  com.phonebook.utils.MyListener -- =========================================================
11:53:32.646 [Test worker] INFO  com.phonebook.utils.MyListener -- The locator will find -> By.cssSelector: input[placeholder='Phone']
11:53:32.646 [Test worker] INFO  com.phonebook.utils.MyListener -- =========================================================
11:53:32.654 [Test worker] INFO  com.phonebook.utils.MyListener -- The locator is -> By.cssSelector: input[placeholder='Phone']
11:53:32.654 [Test worker] INFO  com.phonebook.utils.MyListener -- =========================================================
11:53:32.722 [Test worker] INFO  com.phonebook.utils.MyListener -- The locator will find -> By.cssSelector: input[placeholder='email']
11:53:32.723 [Test worker] INFO  com.phonebook.utils.MyListener -- =========================================================
11:53:32.733 [Test worker] INFO  com.phonebook.utils.MyListener -- The locator is -> By.cssSelector: input[placeholder='email']
11:53:32.733 [Test worker] INFO  com.phonebook.utils.MyListener -- =========================================================
11:53:32.794 [Test worker] INFO  com.phonebook.utils.MyListener -- The locator will find -> By.cssSelector: input[placeholder='email']
11:53:32.794 [Test worker] INFO  com.phonebook.utils.MyListener -- =========================================================
11:53:32.804 [Test worker] INFO  com.phonebook.utils.MyListener -- The locator is -> By.cssSelector: input[placeholder='email']
11:53:32.804 [Test worker] INFO  com.phonebook.utils.MyListener -- =========================================================
11:53:32.837 [Test worker] INFO  com.phonebook.utils.MyListener -- The locator will find -> By.cssSelector: input[placeholder='email']
11:53:32.837 [Test worker] INFO  com.phonebook.utils.MyListener -- =========================================================
[...]
11:54:00.587 [Test worker] INFO  com.phonebook.utils.MyListener -- The locator is -> By.cssSelector: input[placeholder='description']
11:54:00.587 [Test worker] INFO  com.phonebook.utils.MyListener -- =========================================================
11:54:00.640 [Test worker] INFO  com.phonebook.utils.MyListener -- The locator will find -> By.cssSelector: input[placeholder='description']
11:54:00.640 [Test worker] INFO  com.phonebook.utils.MyListener -- =========================================================
11:54:00.662 [Test worker] INFO  com.phonebook.utils.MyListener -- The locator is -> By.cssSelector: input[placeholder='description']
11:54:00.662 [Test worker] INFO  com.phonebook.utils.MyListener -- =========================================================
11:54:00.712 [Test worker] INFO  com.phonebook.utils.MyListener -- The locator will find -> By.cssSelector: .add_form__2rsm2 button
11:54:00.712 [Test worker] INFO  com.phonebook.utils.MyListener -- =========================================================
11:54:00.722 [Test worker] INFO  com.phonebook.utils.MyListener -- The locator is -> By.cssSelector: .add_form__2rsm2 button
11:54:00.722 [Test worker] INFO  com.phonebook.utils.MyListener -- =========================================================
11:54:00.780 [Test worker] INFO  com.phonebook.utils.MyListener -- Before find elements -> Logger[com.phonebook.utils.MyListener]
11:54:00.781 [Test worker] INFO  com.phonebook.utils.MyListener -- =========================================================
11:54:01.159 [Test worker] INFO  com.phonebook.utils.MyListener -- List size -> 7
11:54:01.160 [Test worker] INFO  com.phonebook.utils.MyListener -- =========================================================
11:54:01.253 [Test worker] INFO  com.phonebook.utils.MyListener -- The locator will find -> By.cssSelector: .contact-item_card__2SOIM
11:54:01.253 [Test worker] INFO  com.phonebook.utils.MyListener -- =========================================================
11:54:01.265 [Test worker] INFO  com.phonebook.utils.MyListener -- The locator is -> By.cssSelector: .contact-item_card__2SOIM
11:54:01.266 [Test worker] INFO  com.phonebook.utils.MyListener -- =========================================================
11:54:01.342 [Test worker] INFO  com.phonebook.utils.MyListener -- The locator will find -> By.xpath: //button[.='Remove']
11:54:01.342 [Test worker] INFO  com.phonebook.utils.MyListener -- =========================================================
11:54:01.353 [Test worker] INFO  com.phonebook.utils.MyListener -- The locator is -> By.xpath: //button[.='Remove']
11:54:01.353 [Test worker] INFO  com.phonebook.utils.MyListener -- =========================================================
11:54:01.422 [Test worker] INFO  com.phonebook.tests.TestBase -- PASSED: addContactPositiveFromDataProviderWithCsvFileTest
11:54:01.424 [Test worker] INFO  com.phonebook.tests.TestBase -- Stop test
11:54:01.424 [Test worker] INFO  com.phonebook.tests.TestBase -- ==========================================================
11:54:01.425 [Test worker] INFO  com.phonebook.tests.TestBase -- Start testaddContactPositiveTest[]
11:54:01.426 [Test worker] INFO  com.phonebook.utils.MyListener -- Before find elements -> Logger[com.phonebook.utils.MyListener]
11:54:01.427 [Test worker] INFO  com.phonebook.utils.MyListener -- =========================================================
11:54:11.455 [Test worker] INFO  com.phonebook.utils.MyListener -- List size -> 0
11:54:11.455 [Test worker] INFO  com.phonebook.utils.MyListener -- =========================================================
11:54:11.455 [Test worker] INFO  com.phonebook.utils.MyListener -- The locator will find -> By.xpath: //button[.='Sign Out']
11:54:11.455 [Test worker] INFO  com.phonebook.utils.MyListener -- =========================================================
11:54:11.474 [Test worker] INFO  com.phonebook.utils.MyListener -- The locator is -> By.xpath: //button[.='Sign Out']
11:54:11.474 [Test worker] INFO  com.phonebook.utils.MyListener -- =========================================================
11:54:11.548 [Test worker] INFO  com.phonebook.utils.MyListener -- The locator will find -> By.cssSelector: [href='/login']
11:54:11.548 [Test worker] INFO  com.phonebook.utils.MyListener -- =========================================================
11:54:11.564 [Test worker] INFO  com.phonebook.utils.MyListener -- The locator is -> By.cssSelector: [href='/login']
11:54:11.564 [Test worker] INFO  com.phonebook.utils.MyListener -- =========================================================
11:54:11.632 [Test worker] INFO  com.phonebook.utils.MyListener -- The locator will find -> By.name: email
11:54:11.632 [Test worker] INFO  com.phonebook.utils.MyListener -- =========================================================
11:54:11.643 [Test worker] INFO  com.phonebook.utils.MyListener -- The locator is -> By.name: email
11:54:11.643 [Test worker] INFO  com.phonebook.utils.MyListener -- =========================================================
11:54:11.709 [Test worker] INFO  com.phonebook.utils.MyListener -- The locator will find -> By.name: email
11:54:11.710 [Test worker] INFO  com.phonebook.utils.MyListener -- =========================================================
11:54:11.717 [Test worker] INFO  com.phonebook.utils.MyListener -- The locator is -> By.name: email
11:54:11.717 [Test worker] INFO  com.phonebook.utils.MyListener -- =========================================================
11:54:11.749 [Test worker] INFO  com.phonebook.utils.MyListener -- The locator will find -> By.name: email
11:54:11.749 [Test worker] INFO  com.phonebook.utils.MyListener -- =========================================================
11:54:11.759 [Test worker] INFO  com.phonebook.utils.MyListener -- The locator is -> By.name: email
11:54:11.759 [Test worker] INFO  com.phonebook.utils.MyListener -- =========================================================
11:54:11.850 [Test worker] INFO  com.phonebook.utils.MyListener -- The locator will find -> By.name: password
11:54:11.850 [Test worker] INFO  com.phonebook.utils.MyListener -- =========================================================
11:54:11.867 [Test worker] INFO  com.phonebook.utils.MyListener -- The locator is -> By.name: password
11:54:11.867 [Test worker] INFO  com.phonebook.utils.MyListener -- =========================================================
11:54:11.948 [Test worker] INFO  com.phonebook.utils.MyListener -- The locator will find -> By.name: password
11:54:11.948 [Test worker] INFO  com.phonebook.utils.MyListener -- =========================================================
11:54:11.958 [Test worker] INFO  com.phonebook.utils.MyListener -- The locator is -> By.name: password
11:54:11.958 [Test worker] INFO  com.phonebook.utils.MyListener -- =========================================================
11:54:11.990 [Test worker] INFO  com.phonebook.utils.MyListener -- The locator will find -> By.name: password
11:54:11.990 [Test worker] INFO  com.phonebook.utils.MyListener -- =========================================================
11:54:12.000 [Test worker] INFO  com.phonebook.utils.MyListener -- The locator is -> By.name: password
11:54:12.000 [Test worker] INFO  com.phonebook.utils.MyListener -- =========================================================
11:54:12.055 [Test worker] INFO  com.phonebook.utils.MyListener -- The locator will find -> By.name: login
11:54:12.055 [Test worker] INFO  com.phonebook.utils.MyListener -- =========================================================
11:54:12.065 [Test worker] INFO  com.phonebook.utils.MyListener -- The locator is -> By.name: login
11:54:12.065 [Test worker] INFO  com.phonebook.utils.MyListener -- =========================================================
11:54:12.142 [Test worker] INFO  com.phonebook.utils.MyListener -- The locator will find -> By.cssSelector: [href='/add']
11:54:12.142 [Test worker] INFO  com.phonebook.utils.MyListener -- =========================================================
11:54:12.721 [Test worker] INFO  com.phonebook.utils.MyListener -- The locator is -> By.cssSelector: [href='/add']
11:54:12.721 [Test worker] INFO  com.phonebook.utils.MyListener -- =========================================================
11:54:12.797 [Test worker] INFO  com.phonebook.utils.MyListener -- The locator will find -> By.cssSelector: input[placeholder='Name']
11:54:12.797 [Test worker] INFO  com.phonebook.utils.MyListener -- =========================================================
11:54:12.808 [Test worker] INFO  com.phonebook.utils.MyListener -- The locator is -> By.cssSelector: input[placeholder='Name']
11:54:12.808 [Test worker] INFO  com.phonebook.utils.MyListener -- =========================================================
11:54:12.874 [Test worker] INFO  com.phonebook.utils.MyListener -- The locator will find -> By.cssSelector: input[placeholder='Name']
11:54:12.874 [Test worker] INFO  com.phonebook.utils.MyListener -- =========================================================
11:54:12.882 [Test worker] INFO  com.phonebook.utils.MyListener -- The locator is -> By.cssSelector: input[placeholder='Name']
11:54:12.882 [Test worker] INFO  com.phonebook.utils.MyListener -- =========================================================
11:54:12.912 [Test worker] INFO  com.phonebook.utils.MyListener -- The locator will find -> By.cssSelector: input[placeholder='Name']
11:54:12.912 [Test worker] INFO  com.phonebook.utils.MyListener -- =========================================================
11:54:12.924 [Test worker] INFO  com.phonebook.utils.MyListener -- The locator is -> By.cssSelector: input[placeholder='Name']
11:54:12.924 [Test worker] INFO  com.phonebook.utils.MyListener -- =========================================================
11:54:12.961 [Test worker] INFO  com.phonebook.utils.MyListener -- The locator will find -> By.cssSelector: input[placeholder='Last Name']
11:54:12.962 [Test worker] INFO  com.phonebook.utils.MyListener -- =========================================================
11:54:12.972 [Test worker] INFO  com.phonebook.utils.MyListener -- The locator is -> By.cssSelector: input[placeholder='Last Name']
11:54:12.972 [Test worker] INFO  com.phonebook.utils.MyListener -- =========================================================
11:54:13.040 [Test worker] INFO  com.phonebook.utils.MyListener -- The locator will find -> By.cssSelector: input[placeholder='Last Name']
11:54:13.041 [Test worker] INFO  com.phonebook.utils.MyListener -- =========================================================
11:54:13.051 [Test worker] INFO  com.phonebook.utils.MyListener -- The locator is -> By.cssSelector: input[placeholder='Last Name']
11:54:13.051 [Test worker] INFO  com.phonebook.utils.MyListener -- =========================================================
11:54:13.084 [Test worker] INFO  com.phonebook.utils.MyListener -- The locator will find -> By.cssSelector: input[placeholder='Last Name']
11:54:13.084 [Test worker] INFO  com.phonebook.utils.MyListener -- =========================================================
11:54:13.094 [Test worker] INFO  com.phonebook.utils.MyListener -- The locator is -> By.cssSelector: input[placeholder='Last Name']
11:54:13.094 [Test worker] INFO  com.phonebook.utils.MyListener -- =========================================================
11:54:13.137 [Test worker] INFO  com.phonebook.utils.MyListener -- The locator will find -> By.cssSelector: input[placeholder='Phone']
11:54:13.137 [Test worker] INFO  com.phonebook.utils.MyListener -- =========================================================
11:54:13.147 [Test worker] INFO  com.phonebook.utils.MyListener -- The locator is -> By.cssSelector: input[placeholder='Phone']
11:54:13.147 [Test worker] INFO  com.phonebook.utils.MyListener -- =========================================================
11:54:13.211 [Test worker] INFO  com.phonebook.utils.MyListener -- The locator will find -> By.cssSelector: input[placeholder='Phone']
11:54:13.211 [Test worker] INFO  com.phonebook.utils.MyListener -- =========================================================
11:54:13.218 [Test worker] INFO  com.phonebook.utils.MyListener -- The locator is -> By.cssSelector: input[placeholder='Phone']
11:54:13.218 [Test worker] INFO  com.phonebook.utils.MyListener -- =========================================================
11:54:13.248 [Test worker] INFO  com.phonebook.utils.MyListener -- The locator will find -> By.cssSelector: input[placeholder='Phone']
11:54:13.248 [Test worker] INFO  com.phonebook.utils.MyListener -- =========================================================
11:54:13.260 [Test worker] INFO  com.phonebook.utils.MyListener -- The locator is -> By.cssSelector: input[placeholder='Phone']
11:54:13.260 [Test worker] INFO  com.phonebook.utils.MyListener -- =========================================================
11:54:13.321 [Test worker] INFO  com.phonebook.utils.MyListener -- The locator will find -> By.cssSelector: input[placeholder='email']
11:54:13.321 [Test worker] INFO  com.phonebook.utils.MyListener -- =========================================================
11:54:13.330 [Test worker] INFO  com.phonebook.utils.MyListener -- The locator is -> By.cssSelector: input[placeholder='email']
11:54:13.330 [Test worker] INFO  com.phonebook.utils.MyListener -- =========================================================
11:54:13.399 [Test worker] INFO  com.phonebook.utils.MyListener -- The locator will find -> By.cssSelector: input[placeholder='email']
11:54:13.399 [Test worker] INFO  com.phonebook.utils.MyListener -- =========================================================
11:54:13.410 [Test worker] INFO  com.phonebook.utils.MyListener -- The locator is -> By.cssSelector: input[placeholder='email']
11:54:13.410 [Test worker] INFO  com.phonebook.utils.MyListener -- =========================================================
11:54:13.437 [Test worker] INFO  com.phonebook.utils.MyListener -- The locator will find -> By.cssSelector: input[placeholder='email']
11:54:13.437 [Test worker] INFO  com.phonebook.utils.MyListener -- =========================================================
11:54:13.446 [Test worker] INFO  com.phonebook.utils.MyListener -- The locator is -> By.cssSelector: input[placeholder='email']
11:54:13.446 [Test worker] INFO  com.phonebook.utils.MyListener -- =========================================================
11:54:13.529 [Test worker] INFO  com.phonebook.utils.MyListener -- The locator will find -> By.cssSelector: input[placeholder='Address']
11:54:13.529 [Test worker] INFO  com.phonebook.utils.MyListener -- =========================================================
11:54:13.540 [Test worker] INFO  com.phonebook.utils.MyListener -- The locator is -> By.cssSelector: input[placeholder='Address']
11:54:13.540 [Test worker] INFO  com.phonebook.utils.MyListener -- =========================================================
11:54:13.607 [Test worker] INFO  com.phonebook.utils.MyListener -- The locator will find -> By.cssSelector: input[placeholder='Address']
11:54:13.607 [Test worker] INFO  com.phonebook.utils.MyListener -- =========================================================
11:54:13.616 [Test worker] INFO  com.phonebook.utils.MyListener -- The locator is -> By.cssSelector: input[placeholder='Address']
11:54:13.616 [Test worker] INFO  com.phonebook.utils.MyListener -- =========================================================
11:54:13.645 [Test worker] INFO  com.phonebook.utils.MyListener -- The locator will find -> By.cssSelector: input[placeholder='Address']
11:54:13.645 [Test worker] INFO  com.phonebook.utils.MyListener -- =========================================================
11:54:13.653 [Test worker] INFO  com.phonebook.utils.MyListener -- The locator is -> By.cssSelector: input[placeholder='Address']
11:54:13.653 [Test worker] INFO  com.phonebook.utils.MyListener -- =========================================================
11:54:13.694 [Test worker] INFO  com.phonebook.utils.MyListener -- The locator will find -> By.cssSelector: input[placeholder='description']
11:54:13.694 [Test worker] INFO  com.phonebook.utils.MyListener -- =========================================================
11:54:13.708 [Test worker] INFO  com.phonebook.utils.MyListener -- The locator is -> By.cssSelector: input[placeholder='description']
11:54:13.708 [Test worker] INFO  com.phonebook.utils.MyListener -- =========================================================
11:54:13.783 [Test worker] INFO  com.phonebook.utils.MyListener -- The locator will find -> By.cssSelector: input[placeholder='description']
11:54:13.783 [Test worker] INFO  com.phonebook.utils.MyListener -- =========================================================
11:54:13.793 [Test worker] INFO  com.phonebook.utils.MyListener -- The locator is -> By.cssSelector: input[placeholder='description']
11:54:13.793 [Test worker] INFO  com.phonebook.utils.MyListener -- =========================================================
11:54:13.821 [Test worker] INFO  com.phonebook.utils.MyListener -- The locator will find -> By.cssSelector: input[placeholder='description']
11:54:13.821 [Test worker] INFO  com.phonebook.utils.MyListener -- =========================================================
11:54:13.828 [Test worker] INFO  com.phonebook.utils.MyListener -- The locator is -> By.cssSelector: input[placeholder='description']
11:54:13.828 [Test worker] INFO  com.phonebook.utils.MyListener -- =========================================================
11:54:13.861 [Test worker] INFO  com.phonebook.utils.MyListener -- The locator will find -> By.cssSelector: .add_form__2rsm2 button
11:54:13.862 [Test worker] INFO  com.phonebook.utils.MyListener -- =========================================================
11:54:13.875 [Test worker] INFO  com.phonebook.utils.MyListener -- The locator is -> By.cssSelector: .add_form__2rsm2 button
11:54:13.875 [Test worker] INFO  com.phonebook.utils.MyListener -- =========================================================
11:54:13.938 [Test worker] INFO  com.phonebook.utils.MyListener -- Before find elements -> Logger[com.phonebook.utils.MyListener]
11:54:13.939 [Test worker] INFO  com.phonebook.utils.MyListener -- =========================================================
11:54:14.293 [Test worker] INFO  com.phonebook.utils.MyListener -- List size -> 7
11:54:14.294 [Test worker] INFO  com.phonebook.utils.MyListener -- =========================================================
11:54:14.380 [Test worker] INFO  com.phonebook.utils.MyListener -- The locator will find -> By.cssSelector: .contact-item_card__2SOIM
11:54:14.380 [Test worker] INFO  com.phonebook.utils.MyListener -- =========================================================
11:54:14.391 [Test worker] INFO  com.phonebook.utils.MyListener -- The locator is -> By.cssSelector: .contact-item_card__2SOIM
11:54:14.391 [Test worker] INFO  com.phonebook.utils.MyListener -- =========================================================
11:54:14.477 [Test worker] INFO  com.phonebook.utils.MyListener -- The locator will find -> By.xpath: //button[.='Remove']
11:54:14.477 [Test worker] INFO  com.phonebook.utils.MyListener -- =========================================================
11:54:14.492 [Test worker] INFO  com.phonebook.utils.MyListener -- The locator is -> By.xpath: //button[.='Remove']
11:54:14.492 [Test worker] INFO  com.phonebook.utils.MyListener -- =========================================================
11:54:14.556 [Test worker] INFO  com.phonebook.tests.TestBase -- PASSED: addContactPositiveTest
11:54:14.556 [Test worker] INFO  com.phonebook.tests.TestBase -- Stop test
11:54:14.556 [Test worker] INFO  com.phonebook.tests.TestBase -- ==========================================================
]]></system-out>
  <system-err><![CDATA[]]></system-err>
</testsuite>
